[2025-06-14 18:41:04,488: INFO: main: Welcome to our customer logger]
[2025-06-21 11:07:59,291: INFO: common: yaml file : config\config.yaml loaded successfully!]
[2025-06-21 11:07:59,315: INFO: common: yaml file : params.yaml loaded successfully!]
[2025-06-21 11:07:59,315: INFO: common: yaml file : schema.yaml loaded successfully!]
[2025-06-21 11:10:55,580: INFO: common: yaml file : config\config.yaml loaded successfully!]
[2025-06-21 11:10:55,583: INFO: common: yaml file : params.yaml loaded successfully!]
[2025-06-21 11:10:55,587: INFO: common: yaml file : schema.yaml loaded successfully!]
[2025-06-21 11:10:55,591: INFO: common: Created directory at : artifacts]
[2025-06-21 11:10:55,592: INFO: common: Created directory at : artifacts/data_ingestion]
[2025-06-21 11:10:56,700: INFO: 251335794: artifacts/data_ingestion/data.zip download! with following info: 
Connection: close
Content-Length: 23329
Cache-Control: max-age=300
Content-Security-Policy: default-src 'none'; style-src 'unsafe-inline'; sandbox
Content-Type: application/zip
ETag: "c69888a4ae59bc5a893392785a938ccd4937981c06ba8a9d6a21aa52b4ab5b6e"
Strict-Transport-Security: max-age=31536000
X-Content-Type-Options: nosniff
X-Frame-Options: deny
X-XSS-Protection: 1; mode=block
X-GitHub-Request-Id: 7C20:137FC2:8BDEA:1EC9D4:685645E8
Accept-Ranges: bytes
Date: Sat, 21 Jun 2025 05:40:56 GMT
Via: 1.1 varnish
X-Served-By: cache-maa10251-MAA
X-Cache: MISS
X-Cache-Hits: 0
X-Timer: S1750484456.411220,VS0,VE293
Vary: Authorization,Accept-Encoding
Access-Control-Allow-Origin: *
Cross-Origin-Resource-Policy: cross-origin
X-Fastly-Request-ID: b30f9a09d56a1ae3351cf0dcb07b94d11413f485
Expires: Sat, 21 Jun 2025 05:45:56 GMT
Source-Age: 0

]
[2025-06-21 11:32:59,611: INFO: main: >>>>>> stage Data Ingestion Stage started <<<<<]
[2025-06-21 11:32:59,615: INFO: common: yaml file : config\config.yaml loaded successfully!]
[2025-06-21 11:32:59,615: INFO: common: yaml file : params.yaml loaded successfully!]
[2025-06-21 11:32:59,615: INFO: common: yaml file : schema.yaml loaded successfully!]
[2025-06-21 11:32:59,623: INFO: common: Created directory at : artifacts]
[2025-06-21 11:32:59,623: INFO: common: Created directory at : artifacts/data_ingestion]
[2025-06-21 11:32:59,623: INFO: data_ingestion: File already exists]
[2025-06-21 11:32:59,631: INFO: main: >>>>>> stage Data Ingestion Stage completed !!! <<<<<

x=================]
[2025-06-23 16:25:47,481: INFO: common: yaml file : config\config.yaml loaded successfully!]
[2025-06-23 16:25:47,485: INFO: common: yaml file : params.yaml loaded successfully!]
[2025-06-23 16:25:47,492: INFO: common: yaml file : schema.yaml loaded successfully!]
[2025-06-23 16:25:47,497: INFO: common: Created directory at : artifacts]
[2025-06-23 16:25:47,499: INFO: common: Created directory at : artifacts/data_validation]
[2025-06-23 16:26:15,435: INFO: common: yaml file : config\config.yaml loaded successfully!]
[2025-06-23 16:26:15,438: INFO: common: yaml file : params.yaml loaded successfully!]
[2025-06-23 16:26:15,442: INFO: common: yaml file : schema.yaml loaded successfully!]
[2025-06-23 16:26:15,445: INFO: common: Created directory at : artifacts]
[2025-06-23 16:26:15,446: INFO: common: Created directory at : artifacts/data_validation]
[2025-06-23 16:42:01,679: INFO: main: >>>>>> stage Data Ingestion Stage started <<<<<]
[2025-06-23 16:42:01,684: INFO: common: yaml file : config\config.yaml loaded successfully!]
[2025-06-23 16:42:01,686: INFO: common: yaml file : params.yaml loaded successfully!]
[2025-06-23 16:42:01,688: INFO: common: yaml file : schema.yaml loaded successfully!]
[2025-06-23 16:42:01,689: INFO: common: Created directory at : artifacts]
[2025-06-23 16:42:01,689: INFO: common: Created directory at : artifacts/data_ingestion]
[2025-06-23 16:42:01,690: INFO: data_ingestion: File already exists]
[2025-06-23 16:42:01,710: INFO: main: >>>>>> stage Data Ingestion Stage completed !!! <<<<<

x=================]
[2025-06-23 16:42:01,711: INFO: main: >>>>>> stage Data Validation Stage started <<<<<]
[2025-06-23 16:42:01,717: INFO: common: yaml file : config\config.yaml loaded successfully!]
[2025-06-23 16:42:01,718: INFO: common: yaml file : params.yaml loaded successfully!]
[2025-06-23 16:42:01,721: INFO: common: yaml file : schema.yaml loaded successfully!]
[2025-06-23 16:42:01,722: INFO: common: Created directory at : artifacts]
[2025-06-23 16:42:01,723: INFO: common: Created directory at : artifacts/data_validation]
[2025-06-23 16:42:01,748: INFO: main: >>>>>> stage Data Validation Stage completed !!! <<<<<

x=================]
[2025-06-23 16:51:23,704: INFO: common: yaml file : config\config.yaml loaded successfully!]
[2025-06-23 16:51:23,707: INFO: common: yaml file : params.yaml loaded successfully!]
[2025-06-23 16:51:23,713: INFO: common: yaml file : schema.yaml loaded successfully!]
[2025-06-23 16:51:23,715: INFO: common: Created directory at : artifacts]
[2025-06-23 16:51:23,720: INFO: common: Created directory at : artifacts/data_transformation]
[2025-06-23 16:51:23,755: INFO: 741865018: Splited data into training and test sets]
[2025-06-23 16:51:23,757: INFO: 741865018: (1199, 12)]
[2025-06-23 16:51:23,758: INFO: 741865018: (400, 12)]
[2025-06-23 17:02:42,830: INFO: main: >>>>>> stage Data Ingestion Stage started <<<<<]
[2025-06-23 17:02:42,834: INFO: common: yaml file : config\config.yaml loaded successfully!]
[2025-06-23 17:02:42,837: INFO: common: yaml file : params.yaml loaded successfully!]
[2025-06-23 17:02:42,839: INFO: common: yaml file : schema.yaml loaded successfully!]
[2025-06-23 17:02:42,840: INFO: common: Created directory at : artifacts]
[2025-06-23 17:02:42,841: INFO: common: Created directory at : artifacts/data_ingestion]
[2025-06-23 17:02:42,842: INFO: data_ingestion: File already exists]
[2025-06-23 17:02:42,845: INFO: main: >>>>>> stage Data Ingestion Stage completed !!! <<<<<

x=================]
[2025-06-23 17:02:42,846: INFO: main: >>>>>> stage Data Validation Stage started <<<<<]
[2025-06-23 17:02:42,849: INFO: common: yaml file : config\config.yaml loaded successfully!]
[2025-06-23 17:02:42,852: INFO: common: yaml file : params.yaml loaded successfully!]
[2025-06-23 17:02:42,855: INFO: common: yaml file : schema.yaml loaded successfully!]
[2025-06-23 17:02:42,856: INFO: common: Created directory at : artifacts]
[2025-06-23 17:02:42,856: INFO: common: Created directory at : artifacts/data_validation]
[2025-06-23 17:02:42,878: INFO: main: >>>>>> stage Data Validation Stage completed !!! <<<<<

x=================]
[2025-06-23 17:02:42,879: INFO: main: >>>>>> stage Data Transformation stage started <<<<<<]
[2025-06-23 17:02:42,893: INFO: common: yaml file : config\config.yaml loaded successfully!]
[2025-06-23 17:02:42,894: INFO: common: yaml file : params.yaml loaded successfully!]
[2025-06-23 17:02:42,897: INFO: common: yaml file : schema.yaml loaded successfully!]
[2025-06-23 17:02:42,898: INFO: common: Created directory at : artifacts]
[2025-06-23 17:02:42,898: INFO: common: Created directory at : artifacts/data_transformation]
[2025-06-23 17:02:42,899: INFO: main: >>>>>> stage Data Transformation stage completed <<<<<<

x==========x]
[2025-06-23 17:04:28,374: INFO: main: >>>>>> stage Data Ingestion Stage started <<<<<]
[2025-06-23 17:04:28,378: INFO: common: yaml file : config\config.yaml loaded successfully!]
[2025-06-23 17:04:28,379: INFO: common: yaml file : params.yaml loaded successfully!]
[2025-06-23 17:04:28,384: INFO: common: yaml file : schema.yaml loaded successfully!]
[2025-06-23 17:04:28,384: INFO: common: Created directory at : artifacts]
[2025-06-23 17:04:28,385: INFO: common: Created directory at : artifacts/data_ingestion]
[2025-06-23 17:04:28,385: INFO: data_ingestion: File already exists]
[2025-06-23 17:04:28,390: INFO: main: >>>>>> stage Data Ingestion Stage completed !!! <<<<<

x=================]
[2025-06-23 17:04:28,390: INFO: main: >>>>>> stage Data Validation Stage started <<<<<]
[2025-06-23 17:04:28,394: INFO: common: yaml file : config\config.yaml loaded successfully!]
[2025-06-23 17:04:28,395: INFO: common: yaml file : params.yaml loaded successfully!]
[2025-06-23 17:04:28,399: INFO: common: yaml file : schema.yaml loaded successfully!]
[2025-06-23 17:04:28,400: INFO: common: Created directory at : artifacts]
[2025-06-23 17:04:28,401: INFO: common: Created directory at : artifacts/data_validation]
[2025-06-23 17:04:28,432: INFO: main: >>>>>> stage Data Validation Stage completed !!! <<<<<

x=================]
[2025-06-23 17:04:28,432: INFO: main: >>>>>> stage Data Transformation stage started <<<<<<]
[2025-06-23 17:04:28,437: INFO: common: yaml file : config\config.yaml loaded successfully!]
[2025-06-23 17:04:28,439: INFO: common: yaml file : params.yaml loaded successfully!]
[2025-06-23 17:04:28,441: INFO: common: yaml file : schema.yaml loaded successfully!]
[2025-06-23 17:04:28,442: INFO: common: Created directory at : artifacts]
[2025-06-23 17:04:28,443: INFO: common: Created directory at : artifacts/data_transformation]
[2025-06-23 17:04:28,444: INFO: main: >>>>>> stage Data Transformation stage completed <<<<<<

x==========x]
[2025-06-23 17:07:56,448: INFO: main: >>>>>> stage Data Ingestion Stage started <<<<<]
[2025-06-23 17:07:56,452: INFO: common: yaml file : config\config.yaml loaded successfully!]
[2025-06-23 17:07:56,453: INFO: common: yaml file : params.yaml loaded successfully!]
[2025-06-23 17:07:56,456: INFO: common: yaml file : schema.yaml loaded successfully!]
[2025-06-23 17:07:56,457: INFO: common: Created directory at : artifacts]
[2025-06-23 17:07:56,458: INFO: common: Created directory at : artifacts/data_ingestion]
[2025-06-23 17:07:56,458: INFO: data_ingestion: File already exists]
[2025-06-23 17:07:56,461: INFO: main: >>>>>> stage Data Ingestion Stage completed !!! <<<<<

x=================]
[2025-06-23 17:07:56,462: INFO: main: >>>>>> stage Data Validation Stage started <<<<<]
[2025-06-23 17:07:56,465: INFO: common: yaml file : config\config.yaml loaded successfully!]
[2025-06-23 17:07:56,466: INFO: common: yaml file : params.yaml loaded successfully!]
[2025-06-23 17:07:56,468: INFO: common: yaml file : schema.yaml loaded successfully!]
[2025-06-23 17:07:56,470: INFO: common: Created directory at : artifacts]
[2025-06-23 17:07:56,471: INFO: common: Created directory at : artifacts/data_validation]
[2025-06-23 17:07:56,497: INFO: main: >>>>>> stage Data Validation Stage completed !!! <<<<<

x=================]
[2025-06-23 17:07:56,497: INFO: main: >>>>>> stage Data Transformation stage started <<<<<<]
[2025-06-23 17:07:56,501: INFO: common: yaml file : config\config.yaml loaded successfully!]
[2025-06-23 17:07:56,503: INFO: common: yaml file : params.yaml loaded successfully!]
[2025-06-23 17:07:56,506: INFO: common: yaml file : schema.yaml loaded successfully!]
[2025-06-23 17:07:56,508: INFO: common: Created directory at : artifacts]
[2025-06-23 17:07:56,508: INFO: common: Created directory at : artifacts/data_transformation]
[2025-06-23 17:07:56,534: INFO: data_transformation: Splited data into training and test sets]
[2025-06-23 17:07:56,535: INFO: data_transformation: (1199, 12)]
[2025-06-23 17:07:56,535: INFO: data_transformation: (400, 12)]
[2025-06-23 17:07:56,536: INFO: main: >>>>>> stage Data Transformation stage completed <<<<<<

x==========x]
[2025-06-23 17:44:26,191: INFO: common: yaml file : config\config.yaml loaded successfully!]
[2025-06-23 17:44:26,205: INFO: common: yaml file : params.yaml loaded successfully!]
[2025-06-23 17:44:26,210: INFO: common: yaml file : schema.yaml loaded successfully!]
[2025-06-23 17:44:26,212: INFO: common: Created directory at : artifacts]
[2025-06-23 17:44:26,214: INFO: common: Created directory at : artifacts/model_trainer]
[2025-06-23 18:07:15,350: INFO: main: >>>>>> stage Data Ingestion Stage started <<<<<]
[2025-06-23 18:07:15,355: INFO: common: yaml file : config\config.yaml loaded successfully!]
[2025-06-23 18:07:15,357: INFO: common: yaml file : params.yaml loaded successfully!]
[2025-06-23 18:07:15,359: INFO: common: yaml file : schema.yaml loaded successfully!]
[2025-06-23 18:07:15,360: INFO: common: Created directory at : artifacts]
[2025-06-23 18:07:15,361: INFO: common: Created directory at : artifacts/data_ingestion]
[2025-06-23 18:07:15,362: INFO: data_ingestion: File already exists]
[2025-06-23 18:07:15,369: INFO: main: >>>>>> stage Data Ingestion Stage completed !!! <<<<<

x=================]
[2025-06-23 18:07:15,369: INFO: main: >>>>>> stage Data Validation Stage started <<<<<]
[2025-06-23 18:07:15,373: INFO: common: yaml file : config\config.yaml loaded successfully!]
[2025-06-23 18:07:15,374: INFO: common: yaml file : params.yaml loaded successfully!]
[2025-06-23 18:07:15,377: INFO: common: yaml file : schema.yaml loaded successfully!]
[2025-06-23 18:07:15,378: INFO: common: Created directory at : artifacts]
[2025-06-23 18:07:15,379: INFO: common: Created directory at : artifacts/data_validation]
[2025-06-23 18:07:15,399: INFO: main: >>>>>> stage Data Validation Stage completed !!! <<<<<

x=================]
[2025-06-23 18:07:15,400: INFO: main: >>>>>> stage Data Transformation stage started <<<<<<]
[2025-06-23 18:07:15,404: INFO: common: yaml file : config\config.yaml loaded successfully!]
[2025-06-23 18:07:15,406: INFO: common: yaml file : params.yaml loaded successfully!]
[2025-06-23 18:07:15,408: INFO: common: yaml file : schema.yaml loaded successfully!]
[2025-06-23 18:07:15,409: INFO: common: Created directory at : artifacts]
[2025-06-23 18:07:15,410: INFO: common: Created directory at : artifacts/data_transformation]
[2025-06-23 18:07:15,440: INFO: data_transformation: Splited data into training and test sets]
[2025-06-23 18:07:15,460: INFO: data_transformation: (1199, 12)]
[2025-06-23 18:07:15,473: INFO: data_transformation: (400, 12)]
[2025-06-23 18:07:15,483: INFO: main: >>>>>> stage Data Transformation stage completed <<<<<<

x==========x]
[2025-06-23 18:07:15,483: INFO: main: >>>>>> stage Model Trainer stage started <<<<<<]
[2025-06-23 18:07:15,487: INFO: common: yaml file : config\config.yaml loaded successfully!]
[2025-06-23 18:07:15,488: INFO: common: yaml file : params.yaml loaded successfully!]
[2025-06-23 18:07:15,490: INFO: common: yaml file : schema.yaml loaded successfully!]
[2025-06-23 18:07:15,501: INFO: common: Created directory at : artifacts]
[2025-06-23 18:07:15,503: INFO: common: Created directory at : artifacts/model_trainer]
[2025-06-23 18:07:15,533: INFO: main: >>>>>> stage Model Trainer stage completed <<<<<<

x==========x]
